<?xml version="1.0" encoding="UTF-8"?>
<!-- Generated by org.testng.reporters.JUnitReportReporter -->
<testsuite hostname="TYSS-Lini-B-Asok" failures="0" tests="1" name="companies.TC_006_MulitSelect_Test" time="5.053" errors="0" timestamp="2023-12-18T22:23:41 IST" skipped="0">
  <testcase classname="companies.TC_006_MulitSelect_Test" name="MultiSelect" time="5.053"/>
  <system-out/>
</testsuite> <!-- companies.TC_006_MulitSelect_Test -->
