<?xml version="1.0" encoding="UTF-8"?>
<!-- Generated by org.testng.reporters.JUnitReportReporter -->
<testsuite hostname="TYSS-Lini-B-Asok" failures="0" tests="1" name="companies.TC_004_Checkbox_Test" time="4.895" errors="0" timestamp="2023-12-18T22:11:40 IST" skipped="0">
  <testcase classname="companies.TC_004_Checkbox_Test" name="CheckBoxes" time="4.895"/>
  <system-out/>
</testsuite> <!-- companies.TC_004_Checkbox_Test -->
