<?xml version="1.0" encoding="UTF-8"?>
<!-- Generated by org.testng.reporters.JUnitReportReporter -->
<testsuite hostname="TYSS-Lini-B-Asok" failures="0" tests="1" name="companies.TC_004_DropDown" time="4.880" errors="0" timestamp="2023-12-18T21:47:57 IST" skipped="0">
  <testcase classname="companies.TC_004_DropDown" name="DropDown" time="4.880"/>
  <system-out>
    <![CDATA[script eneded]]>
  </system-out>
</testsuite> <!-- companies.TC_004_DropDown -->
